<?xml version="1.0" encoding="UTF-8"?>
<!-- Generated by org.testng.reporters.JUnitXMLReporter -->
<testsuite ignored="0" hostname="DESKTOP-ET7TTIO" failures="1" tests="1" name="Default test(failed)" time="0.101" errors="0" timestamp="2023-01-04T11:20:56 IST">
  <testcase classname="how_Topass_fail_TC.a1" name="tc" time="0.026">
    <failure type="java.lang.AssertionError" message="null">
      <![CDATA[java.lang.AssertionError: null
at how_Topass_fail_TC.a1.tc(a1.java:11)
at java.base/java.util.ArrayList.forEach(ArrayList.java:1511)
... Removed 27 stack frames]]>
    </failure>
  </testcase> <!-- tc -->
</testsuite> <!-- Default test(failed) -->
