<?xml version="1.0" encoding="UTF-8"?>
<testng-results ignored="0" total="1" passed="1" failed="0" skipped="0">
  <reporter-output>
  </reporter-output>
  <suite started-at="2023-01-31T18:49:46 IST" name="Default suite" finished-at="2023-01-31T18:50:04 IST" duration-ms="18619">
    <groups>
    </groups>
    <test started-at="2023-01-31T18:49:46 IST" name="Default test" finished-at="2023-01-31T18:50:04 IST" duration-ms="18619">
      <class name="compatibility_teting.old">
        <test-method signature="tc()[pri:0, instance:compatibility_teting.old@247d8ae]" started-at="2023-01-31T18:49:46 IST" name="tc" finished-at="2023-01-31T18:50:04 IST" duration-ms="18536" status="PASS">
          <reporter-output>
          </reporter-output>
        </test-method> <!-- tc -->
      </class> <!-- compatibility_teting.old -->
    </test> <!-- Default test -->
  </suite> <!-- Default suite -->
</testng-results>
